{"C:\\Users\\Usuario\\OneDrive\\Escritorio\\Desktop\\advise-time-manager\\backend\\config\\db.js": {"path":"C:\\Users\\Usuario\\OneDrive\\Escritorio\\Desktop\\advise-time-manager\\backend\\config\\db.js","statementMap":{"0":{"start":{"line":7,"column":17},"end":{"line":7,"column":30}},"1":{"start":{"line":8,"column":0},"end":{"line":8,"column":27}},"2":{"start":{"line":14,"column":13},"end":{"line":22,"column":2}},"3":{"start":{"line":25,"column":0},"end":{"line":31,"column":3}},"4":{"start":{"line":26,"column":2},"end":{"line":30,"column":3}},"5":{"start":{"line":27,"column":4},"end":{"line":27,"column":58}},"6":{"start":{"line":29,"column":4},"end":{"line":29,"column":89}},"7":{"start":{"line":37,"column":0},"end":{"line":62,"column":1}},"8":{"start":{"line":38,"column":2},"end":{"line":61,"column":7}},"9":{"start":{"line":39,"column":4},"end":{"line":60,"column":5}},"10":{"start":{"line":40,"column":21},"end":{"line":40,"column":41}},"11":{"start":{"line":41,"column":6},"end":{"line":41,"column":64}},"12":{"start":{"line":43,"column":18},"end":{"line":53,"column":8}},"13":{"start":{"line":55,"column":6},"end":{"line":55,"column":62}},"14":{"start":{"line":56,"column":6},"end":{"line":56,"column":23}},"15":{"start":{"line":58,"column":6},"end":{"line":58,"column":54}},"16":{"start":{"line":59,"column":6},"end":{"line":59,"column":25}},"17":{"start":{"line":68,"column":0},"end":{"line":71,"column":2}},"18":{"start":{"line":69,"column":27},"end":{"line":69,"column":51}}},"fnMap":{"0":{"name":"(anonymous_0)","decl":{"start":{"line":25,"column":19},"end":{"line":25,"column":20}},"loc":{"start":{"line":25,"column":37},"end":{"line":31,"column":1}},"line":25},"1":{"name":"(anonymous_1)","decl":{"start":{"line":38,"column":3},"end":{"line":38,"column":4}},"loc":{"start":{"line":38,"column":15},"end":{"line":61,"column":3}},"line":38},"2":{"name":"(anonymous_2)","decl":{"start":{"line":69,"column":9},"end":{"line":69,"column":10}},"loc":{"start":{"line":69,"column":27},"end":{"line":69,"column":51}},"line":69}},"branchMap":{"0":{"loc":{"start":{"line":37,"column":0},"end":{"line":62,"column":1}},"type":"if","locations":[{"start":{"line":37,"column":0},"end":{"line":62,"column":1}},{"start":{},"end":{}}],"line":37}},"s":{"0":3,"1":3,"2":3,"3":3,"4":0,"5":0,"6":0,"7":3,"8":0,"9":0,"10":0,"11":0,"12":0,"13":0,"14":0,"15":0,"16":0,"17":3,"18":0},"f":{"0":0,"1":0,"2":0},"b":{"0":[0,3]},"_coverageSchema":"1a1c01bbd47fc00a2c39e90264f33305004495a9","hash":"d7573494426f5416373e01519cca1147b9849409"}
,"C:\\Users\\Usuario\\OneDrive\\Escritorio\\Desktop\\advise-time-manager\\backend\\controllers\\incidenciasController.js": {"path":"C:\\Users\\Usuario\\OneDrive\\Escritorio\\Desktop\\advise-time-manager\\backend\\controllers\\incidenciasController.js","statementMap":{"0":{"start":{"line":1,"column":11},"end":{"line":1,"column":34}},"1":{"start":{"line":15,"column":4},"end":{"line":29,"column":26}},"2":{"start":{"line":33,"column":28},"end":{"line":117,"column":1}},"3":{"start":{"line":40,"column":22},"end":{"line":40,"column":44}},"4":{"start":{"line":46,"column":22},"end":{"line":54,"column":1}},"5":{"start":{"line":56,"column":4},"end":{"line":115,"column":7}},"6":{"start":{"line":61,"column":8},"end":{"line":67,"column":9}},"7":{"start":{"line":63,"column":12},"end":{"line":63,"column":31}},"8":{"start":{"line":65,"column":12},"end":{"line":65,"column":19}},"9":{"start":{"line":71,"column":8},"end":{"line":75,"column":9}},"10":{"start":{"line":73,"column":12},"end":{"line":73,"column":19}},"11":{"start":{"line":79,"column":20},"end":{"line":89,"column":9}},"12":{"start":{"line":91,"column":8},"end":{"line":113,"column":10}},"13":{"start":{"line":105,"column":16},"end":{"line":109,"column":17}},"14":{"start":{"line":107,"column":20},"end":{"line":107,"column":39}},"15":{"start":{"line":123,"column":26},"end":{"line":192,"column":1}},"16":{"start":{"line":125,"column":19},"end":{"line":125,"column":29}},"17":{"start":{"line":133,"column":8},"end":{"line":133,"column":16}},"18":{"start":{"line":135,"column":16},"end":{"line":148,"column":5}},"19":{"start":{"line":150,"column":4},"end":{"line":190,"column":6}},"20":{"start":{"line":166,"column":12},"end":{"line":178,"column":13}},"21":{"start":{"line":168,"column":16},"end":{"line":168,"column":35}},"22":{"start":{"line":170,"column":16},"end":{"line":176,"column":19}},"23":{"start":{"line":180,"column":12},"end":{"line":186,"column":15}},"24":{"start":{"line":194,"column":0},"end":{"line":200,"column":2}}},"fnMap":{"0":{"name":"generarFechaColombia","decl":{"start":{"line":13,"column":9},"end":{"line":13,"column":29}},"loc":{"start":{"line":13,"column":32},"end":{"line":31,"column":1}},"line":13},"1":{"name":"(anonymous_1)","decl":{"start":{"line":33,"column":28},"end":{"line":33,"column":29}},"loc":{"start":{"line":38,"column":5},"end":{"line":117,"column":1}},"line":38},"2":{"name":"(anonymous_2)","decl":{"start":{"line":59,"column":4},"end":{"line":59,"column":5}},"loc":{"start":{"line":59,"column":19},"end":{"line":115,"column":5}},"line":59},"3":{"name":"(anonymous_3)","decl":{"start":{"line":103,"column":12},"end":{"line":103,"column":13}},"loc":{"start":{"line":103,"column":21},"end":{"line":111,"column":13}},"line":103},"4":{"name":"(anonymous_4)","decl":{"start":{"line":123,"column":26},"end":{"line":123,"column":27}},"loc":{"start":{"line":123,"column":40},"end":{"line":192,"column":1}},"line":123},"5":{"name":"(anonymous_5)","decl":{"start":{"line":164,"column":8},"end":{"line":164,"column":9}},"loc":{"start":{"line":164,"column":17},"end":{"line":188,"column":9}},"line":164}},"branchMap":{"0":{"loc":{"start":{"line":61,"column":8},"end":{"line":67,"column":9}},"type":"if","locations":[{"start":{"line":61,"column":8},"end":{"line":67,"column":9}},{"start":{},"end":{}}],"line":61},"1":{"loc":{"start":{"line":71,"column":8},"end":{"line":75,"column":9}},"type":"if","locations":[{"start":{"line":71,"column":8},"end":{"line":75,"column":9}},{"start":{},"end":{}}],"line":71},"2":{"loc":{"start":{"line":105,"column":16},"end":{"line":109,"column":17}},"type":"if","locations":[{"start":{"line":105,"column":16},"end":{"line":109,"column":17}},{"start":{},"end":{}}],"line":105},"3":{"loc":{"start":{"line":166,"column":12},"end":{"line":178,"column":13}},"type":"if","locations":[{"start":{"line":166,"column":12},"end":{"line":178,"column":13}},{"start":{},"end":{}}],"line":166}},"s":{"0":1,"1":0,"2":1,"3":0,"4":0,"5":0,"6":0,"7":0,"8":0,"9":0,"10":0,"11":0,"12":0,"13":0,"14":0,"15":1,"16":0,"17":0,"18":0,"19":0,"20":0,"21":0,"22":0,"23":0,"24":1},"f":{"0":0,"1":0,"2":0,"3":0,"4":0,"5":0},"b":{"0":[0,0],"1":[0,0],"2":[0,0],"3":[0,0]},"_coverageSchema":"1a1c01bbd47fc00a2c39e90264f33305004495a9","hash":"28cabbbba2672c155c3934354fe5219fe940a9be"}
,"C:\\Users\\Usuario\\OneDrive\\Escritorio\\Desktop\\advise-time-manager\\backend\\repositories\\horariosRepository.js": {"path":"C:\\Users\\Usuario\\OneDrive\\Escritorio\\Desktop\\advise-time-manager\\backend\\repositories\\horariosRepository.js","statementMap":{"0":{"start":{"line":7,"column":11},"end":{"line":7,"column":34}},"1":{"start":{"line":17,"column":20},"end":{"line":17,"column":21}},"2":{"start":{"line":18,"column":28},"end":{"line":18,"column":67}},"3":{"start":{"line":18,"column":53},"end":{"line":18,"column":66}},"4":{"start":{"line":20,"column":8},"end":{"line":31,"column":9}},"5":{"start":{"line":21,"column":30},"end":{"line":21,"column":69}},"6":{"start":{"line":23,"column":12},"end":{"line":25,"column":13}},"7":{"start":{"line":24,"column":16},"end":{"line":24,"column":38}},"8":{"start":{"line":27,"column":12},"end":{"line":27,"column":29}},"9":{"start":{"line":29,"column":12},"end":{"line":29,"column":85}},"10":{"start":{"line":30,"column":12},"end":{"line":30,"column":24}},"11":{"start":{"line":39,"column":20},"end":{"line":53,"column":9}},"12":{"start":{"line":55,"column":22},"end":{"line":55,"column":59}},"13":{"start":{"line":57,"column":8},"end":{"line":57,"column":46}},"14":{"start":{"line":62,"column":0},"end":{"line":62,"column":42}}},"fnMap":{"0":{"name":"(anonymous_0)","decl":{"start":{"line":15,"column":4},"end":{"line":15,"column":5}},"loc":{"start":{"line":15,"column":41},"end":{"line":32,"column":5}},"line":15},"1":{"name":"(anonymous_1)","decl":{"start":{"line":18,"column":47},"end":{"line":18,"column":48}},"loc":{"start":{"line":18,"column":53},"end":{"line":18,"column":66}},"line":18},"2":{"name":"(anonymous_2)","decl":{"start":{"line":38,"column":4},"end":{"line":38,"column":5}},"loc":{"start":{"line":38,"column":39},"end":{"line":58,"column":5}},"line":38}},"branchMap":{"0":{"loc":{"start":{"line":15,"column":24},"end":{"line":15,"column":39}},"type":"default-arg","locations":[{"start":{"line":15,"column":37},"end":{"line":15,"column":39}}],"line":15},"1":{"loc":{"start":{"line":23,"column":12},"end":{"line":25,"column":13}},"type":"if","locations":[{"start":{"line":23,"column":12},"end":{"line":25,"column":13}},{"start":{},"end":{}}],"line":23},"2":{"loc":{"start":{"line":57,"column":15},"end":{"line":57,"column":45}},"type":"cond-expr","locations":[{"start":{"line":57,"column":30},"end":{"line":57,"column":38}},{"start":{"line":57,"column":41},"end":{"line":57,"column":45}}],"line":57}},"s":{"0":1,"1":0,"2":0,"3":0,"4":0,"5":0,"6":0,"7":0,"8":0,"9":0,"10":0,"11":0,"12":0,"13":0,"14":1},"f":{"0":0,"1":0,"2":0},"b":{"0":[0],"1":[0,0],"2":[0,0]},"_coverageSchema":"1a1c01bbd47fc00a2c39e90264f33305004495a9","hash":"abc94d8741cd44e77f12f9e399decb314f438f5e"}
,"C:\\Users\\Usuario\\OneDrive\\Escritorio\\Desktop\\advise-time-manager\\backend\\repositories\\movimientosRepository.js": {"path":"C:\\Users\\Usuario\\OneDrive\\Escritorio\\Desktop\\advise-time-manager\\backend\\repositories\\movimientosRepository.js","statementMap":{"0":{"start":{"line":1,"column":11},"end":{"line":1,"column":34}},"1":{"start":{"line":11,"column":20},"end":{"line":11,"column":21}},"2":{"start":{"line":12,"column":28},"end":{"line":12,"column":67}},"3":{"start":{"line":12,"column":53},"end":{"line":12,"column":66}},"4":{"start":{"line":14,"column":8},"end":{"line":26,"column":9}},"5":{"start":{"line":15,"column":30},"end":{"line":15,"column":69}},"6":{"start":{"line":18,"column":12},"end":{"line":20,"column":13}},"7":{"start":{"line":19,"column":16},"end":{"line":19,"column":38}},"8":{"start":{"line":22,"column":12},"end":{"line":22,"column":29}},"9":{"start":{"line":24,"column":12},"end":{"line":24,"column":74}},"10":{"start":{"line":25,"column":12},"end":{"line":25,"column":24}},"11":{"start":{"line":34,"column":20},"end":{"line":44,"column":9}},"12":{"start":{"line":46,"column":22},"end":{"line":46,"column":46}},"13":{"start":{"line":48,"column":8},"end":{"line":48,"column":46}},"14":{"start":{"line":56,"column":20},"end":{"line":64,"column":9}},"15":{"start":{"line":66,"column":22},"end":{"line":66,"column":52}},"16":{"start":{"line":68,"column":8},"end":{"line":68,"column":46}},"17":{"start":{"line":76,"column":20},"end":{"line":86,"column":9}},"18":{"start":{"line":88,"column":22},"end":{"line":88,"column":58}},"19":{"start":{"line":90,"column":8},"end":{"line":90,"column":46}},"20":{"start":{"line":98,"column":8},"end":{"line":98,"column":96}},"21":{"start":{"line":98,"column":23},"end":{"line":98,"column":96}},"22":{"start":{"line":99,"column":8},"end":{"line":99,"column":94}},"23":{"start":{"line":99,"column":21},"end":{"line":99,"column":94}},"24":{"start":{"line":100,"column":8},"end":{"line":100,"column":92}},"25":{"start":{"line":100,"column":27},"end":{"line":100,"column":92}},"26":{"start":{"line":101,"column":8},"end":{"line":101,"column":93}},"27":{"start":{"line":101,"column":28},"end":{"line":101,"column":93}},"28":{"start":{"line":103,"column":20},"end":{"line":112,"column":9}},"29":{"start":{"line":114,"column":31},"end":{"line":125,"column":9}},"30":{"start":{"line":115,"column":12},"end":{"line":124,"column":46}},"31":{"start":{"line":127,"column":34},"end":{"line":127,"column":62}},"32":{"start":{"line":128,"column":35},"end":{"line":128,"column":64}},"33":{"start":{"line":130,"column":8},"end":{"line":136,"column":11}},"34":{"start":{"line":144,"column":20},"end":{"line":165,"column":9}},"35":{"start":{"line":167,"column":8},"end":{"line":171,"column":11}},"36":{"start":{"line":179,"column":8},"end":{"line":179,"column":94}},"37":{"start":{"line":179,"column":23},"end":{"line":179,"column":94}},"38":{"start":{"line":180,"column":8},"end":{"line":180,"column":66}},"39":{"start":{"line":180,"column":21},"end":{"line":180,"column":66}},"40":{"start":{"line":181,"column":8},"end":{"line":181,"column":92}},"41":{"start":{"line":181,"column":27},"end":{"line":181,"column":92}},"42":{"start":{"line":183,"column":31},"end":{"line":194,"column":9}},"43":{"start":{"line":184,"column":12},"end":{"line":193,"column":46}},"44":{"start":{"line":196,"column":34},"end":{"line":196,"column":62}},"45":{"start":{"line":197,"column":35},"end":{"line":197,"column":87}},"46":{"start":{"line":199,"column":8},"end":{"line":217,"column":9}},"47":{"start":{"line":200,"column":24},"end":{"line":208,"column":13}},"48":{"start":{"line":210,"column":12},"end":{"line":216,"column":15}},"49":{"start":{"line":219,"column":20},"end":{"line":226,"column":9}},"50":{"start":{"line":228,"column":8},"end":{"line":233,"column":11}},"51":{"start":{"line":241,"column":20},"end":{"line":256,"column":9}},"52":{"start":{"line":258,"column":8},"end":{"line":271,"column":11}},"53":{"start":{"line":279,"column":20},"end":{"line":282,"column":9}},"54":{"start":{"line":284,"column":8},"end":{"line":284,"column":52}},"55":{"start":{"line":292,"column":20},"end":{"line":301,"column":9}},"56":{"start":{"line":303,"column":8},"end":{"line":303,"column":52}},"57":{"start":{"line":311,"column":8},"end":{"line":311,"column":54}},"58":{"start":{"line":319,"column":20},"end":{"line":329,"column":9}},"59":{"start":{"line":331,"column":22},"end":{"line":331,"column":58}},"60":{"start":{"line":333,"column":8},"end":{"line":333,"column":46}},"61":{"start":{"line":341,"column":27},"end":{"line":350,"column":45}},"62":{"start":{"line":352,"column":20},"end":{"line":360,"column":9}},"63":{"start":{"line":362,"column":8},"end":{"line":367,"column":11}},"64":{"start":{"line":375,"column":8},"end":{"line":375,"column":68}},"65":{"start":{"line":375,"column":23},"end":{"line":375,"column":68}},"66":{"start":{"line":377,"column":20},"end":{"line":392,"column":9}},"67":{"start":{"line":394,"column":8},"end":{"line":394,"column":52}},"68":{"start":{"line":402,"column":8},"end":{"line":402,"column":68}},"69":{"start":{"line":402,"column":23},"end":{"line":402,"column":68}},"70":{"start":{"line":404,"column":27},"end":{"line":427,"column":9}},"71":{"start":{"line":429,"column":26},"end":{"line":434,"column":9}},"72":{"start":{"line":436,"column":26},"end":{"line":444,"column":9}},"73":{"start":{"line":446,"column":31},"end":{"line":460,"column":9}},"74":{"start":{"line":462,"column":24},"end":{"line":462,"column":67}},"75":{"start":{"line":463,"column":8},"end":{"line":463,"column":41}},"76":{"start":{"line":463,"column":29},"end":{"line":463,"column":41}},"77":{"start":{"line":465,"column":23},"end":{"line":465,"column":65}},"78":{"start":{"line":466,"column":23},"end":{"line":466,"column":65}},"79":{"start":{"line":467,"column":28},"end":{"line":467,"column":75}},"80":{"start":{"line":469,"column":8},"end":{"line":474,"column":10}},"81":{"start":{"line":478,"column":0},"end":{"line":478,"column":45}}},"fnMap":{"0":{"name":"(anonymous_0)","decl":{"start":{"line":9,"column":4},"end":{"line":9,"column":5}},"loc":{"start":{"line":9,"column":41},"end":{"line":27,"column":5}},"line":9},"1":{"name":"(anonymous_1)","decl":{"start":{"line":12,"column":47},"end":{"line":12,"column":48}},"loc":{"start":{"line":12,"column":53},"end":{"line":12,"column":66}},"line":12},"2":{"name":"(anonymous_2)","decl":{"start":{"line":33,"column":4},"end":{"line":33,"column":5}},"loc":{"start":{"line":33,"column":33},"end":{"line":49,"column":5}},"line":33},"3":{"name":"(anonymous_3)","decl":{"start":{"line":55,"column":4},"end":{"line":55,"column":5}},"loc":{"start":{"line":55,"column":28},"end":{"line":69,"column":5}},"line":55},"4":{"name":"(anonymous_4)","decl":{"start":{"line":75,"column":4},"end":{"line":75,"column":5}},"loc":{"start":{"line":75,"column":40},"end":{"line":91,"column":5}},"line":75},"5":{"name":"(anonymous_5)","decl":{"start":{"line":97,"column":4},"end":{"line":97,"column":5}},"loc":{"start":{"line":97,"column":75},"end":{"line":137,"column":5}},"line":97},"6":{"name":"(anonymous_6)","decl":{"start":{"line":114,"column":31},"end":{"line":114,"column":32}},"loc":{"start":{"line":114,"column":42},"end":{"line":125,"column":9}},"line":114},"7":{"name":"(anonymous_7)","decl":{"start":{"line":143,"column":4},"end":{"line":143,"column":5}},"loc":{"start":{"line":143,"column":47},"end":{"line":172,"column":5}},"line":143},"8":{"name":"(anonymous_8)","decl":{"start":{"line":178,"column":4},"end":{"line":178,"column":5}},"loc":{"start":{"line":178,"column":87},"end":{"line":234,"column":5}},"line":178},"9":{"name":"(anonymous_9)","decl":{"start":{"line":183,"column":31},"end":{"line":183,"column":32}},"loc":{"start":{"line":183,"column":42},"end":{"line":194,"column":9}},"line":183},"10":{"name":"(anonymous_10)","decl":{"start":{"line":240,"column":4},"end":{"line":240,"column":5}},"loc":{"start":{"line":240,"column":42},"end":{"line":272,"column":5}},"line":240},"11":{"name":"(anonymous_11)","decl":{"start":{"line":278,"column":4},"end":{"line":278,"column":5}},"loc":{"start":{"line":278,"column":41},"end":{"line":285,"column":5}},"line":278},"12":{"name":"(anonymous_12)","decl":{"start":{"line":291,"column":4},"end":{"line":291,"column":5}},"loc":{"start":{"line":291,"column":37},"end":{"line":304,"column":5}},"line":291},"13":{"name":"(anonymous_13)","decl":{"start":{"line":310,"column":4},"end":{"line":310,"column":5}},"loc":{"start":{"line":310,"column":42},"end":{"line":312,"column":5}},"line":310},"14":{"name":"(anonymous_14)","decl":{"start":{"line":318,"column":4},"end":{"line":318,"column":5}},"loc":{"start":{"line":318,"column":44},"end":{"line":334,"column":5}},"line":318},"15":{"name":"(anonymous_15)","decl":{"start":{"line":340,"column":4},"end":{"line":340,"column":5}},"loc":{"start":{"line":340,"column":89},"end":{"line":368,"column":5}},"line":340},"16":{"name":"(anonymous_16)","decl":{"start":{"line":374,"column":4},"end":{"line":374,"column":5}},"loc":{"start":{"line":374,"column":45},"end":{"line":395,"column":5}},"line":374},"17":{"name":"(anonymous_17)","decl":{"start":{"line":401,"column":4},"end":{"line":401,"column":5}},"loc":{"start":{"line":401,"column":38},"end":{"line":475,"column":5}},"line":401}},"branchMap":{"0":{"loc":{"start":{"line":9,"column":24},"end":{"line":9,"column":39}},"type":"default-arg","locations":[{"start":{"line":9,"column":37},"end":{"line":9,"column":39}}],"line":9},"1":{"loc":{"start":{"line":18,"column":12},"end":{"line":20,"column":13}},"type":"if","locations":[{"start":{"line":18,"column":12},"end":{"line":20,"column":13}},{"start":{},"end":{}}],"line":18},"2":{"loc":{"start":{"line":48,"column":15},"end":{"line":48,"column":45}},"type":"cond-expr","locations":[{"start":{"line":48,"column":30},"end":{"line":48,"column":38}},{"start":{"line":48,"column":41},"end":{"line":48,"column":45}}],"line":48},"3":{"loc":{"start":{"line":68,"column":15},"end":{"line":68,"column":45}},"type":"cond-expr","locations":[{"start":{"line":68,"column":30},"end":{"line":68,"column":38}},{"start":{"line":68,"column":41},"end":{"line":68,"column":45}}],"line":68},"4":{"loc":{"start":{"line":90,"column":15},"end":{"line":90,"column":45}},"type":"cond-expr","locations":[{"start":{"line":90,"column":30},"end":{"line":90,"column":38}},{"start":{"line":90,"column":41},"end":{"line":90,"column":45}}],"line":90},"5":{"loc":{"start":{"line":98,"column":8},"end":{"line":98,"column":96}},"type":"if","locations":[{"start":{"line":98,"column":8},"end":{"line":98,"column":96}},{"start":{},"end":{}}],"line":98},"6":{"loc":{"start":{"line":99,"column":8},"end":{"line":99,"column":94}},"type":"if","locations":[{"start":{"line":99,"column":8},"end":{"line":99,"column":94}},{"start":{},"end":{}}],"line":99},"7":{"loc":{"start":{"line":100,"column":8},"end":{"line":100,"column":92}},"type":"if","locations":[{"start":{"line":100,"column":8},"end":{"line":100,"column":92}},{"start":{},"end":{}}],"line":100},"8":{"loc":{"start":{"line":101,"column":8},"end":{"line":101,"column":93}},"type":"if","locations":[{"start":{"line":101,"column":8},"end":{"line":101,"column":93}},{"start":{},"end":{}}],"line":101},"9":{"loc":{"start":{"line":178,"column":65},"end":{"line":178,"column":85}},"type":"default-arg","locations":[{"start":{"line":178,"column":81},"end":{"line":178,"column":85}}],"line":178},"10":{"loc":{"start":{"line":179,"column":8},"end":{"line":179,"column":94}},"type":"if","locations":[{"start":{"line":179,"column":8},"end":{"line":179,"column":94}},{"start":{},"end":{}}],"line":179},"11":{"loc":{"start":{"line":180,"column":8},"end":{"line":180,"column":66}},"type":"if","locations":[{"start":{"line":180,"column":8},"end":{"line":180,"column":66}},{"start":{},"end":{}}],"line":180},"12":{"loc":{"start":{"line":181,"column":8},"end":{"line":181,"column":92}},"type":"if","locations":[{"start":{"line":181,"column":8},"end":{"line":181,"column":92}},{"start":{},"end":{}}],"line":181},"13":{"loc":{"start":{"line":197,"column":35},"end":{"line":197,"column":87}},"type":"cond-expr","locations":[{"start":{"line":197,"column":51},"end":{"line":197,"column":80}},{"start":{"line":197,"column":83},"end":{"line":197,"column":87}}],"line":197},"14":{"loc":{"start":{"line":199,"column":8},"end":{"line":217,"column":9}},"type":"if","locations":[{"start":{"line":199,"column":8},"end":{"line":217,"column":9}},{"start":{},"end":{}}],"line":199},"15":{"loc":{"start":{"line":333,"column":15},"end":{"line":333,"column":45}},"type":"cond-expr","locations":[{"start":{"line":333,"column":30},"end":{"line":333,"column":38}},{"start":{"line":333,"column":41},"end":{"line":333,"column":45}}],"line":333},"16":{"loc":{"start":{"line":340,"column":45},"end":{"line":340,"column":67}},"type":"default-arg","locations":[{"start":{"line":340,"column":57},"end":{"line":340,"column":67}}],"line":340},"17":{"loc":{"start":{"line":340,"column":69},"end":{"line":340,"column":87}},"type":"default-arg","locations":[{"start":{"line":340,"column":83},"end":{"line":340,"column":87}}],"line":340},"18":{"loc":{"start":{"line":375,"column":8},"end":{"line":375,"column":68}},"type":"if","locations":[{"start":{"line":375,"column":8},"end":{"line":375,"column":68}},{"start":{},"end":{}}],"line":375},"19":{"loc":{"start":{"line":402,"column":8},"end":{"line":402,"column":68}},"type":"if","locations":[{"start":{"line":402,"column":8},"end":{"line":402,"column":68}},{"start":{},"end":{}}],"line":402},"20":{"loc":{"start":{"line":463,"column":8},"end":{"line":463,"column":41}},"type":"if","locations":[{"start":{"line":463,"column":8},"end":{"line":463,"column":41}},{"start":{},"end":{}}],"line":463},"21":{"loc":{"start":{"line":471,"column":20},"end":{"line":471,"column":37}},"type":"binary-expr","locations":[{"start":{"line":471,"column":20},"end":{"line":471,"column":29}},{"start":{"line":471,"column":33},"end":{"line":471,"column":37}}],"line":471},"22":{"loc":{"start":{"line":472,"column":21},"end":{"line":472,"column":38}},"type":"binary-expr","locations":[{"start":{"line":472,"column":21},"end":{"line":472,"column":30}},{"start":{"line":472,"column":34},"end":{"line":472,"column":38}}],"line":472}},"s":{"0":1,"1":0,"2":0,"3":0,"4":0,"5":0,"6":0,"7":0,"8":0,"9":0,"10":0,"11":0,"12":0,"13":0,"14":0,"15":0,"16":0,"17":0,"18":0,"19":0,"20":0,"21":0,"22":0,"23":0,"24":0,"25":0,"26":0,"27":0,"28":0,"29":0,"30":0,"31":0,"32":0,"33":0,"34":0,"35":0,"36":0,"37":0,"38":0,"39":0,"40":0,"41":0,"42":0,"43":0,"44":0,"45":0,"46":0,"47":0,"48":0,"49":0,"50":0,"51":0,"52":0,"53":0,"54":0,"55":0,"56":0,"57":0,"58":0,"59":0,"60":0,"61":0,"62":0,"63":0,"64":0,"65":0,"66":0,"67":0,"68":0,"69":0,"70":0,"71":0,"72":0,"73":0,"74":0,"75":0,"76":0,"77":0,"78":0,"79":0,"80":0,"81":1},"f":{"0":0,"1":0,"2":0,"3":0,"4":0,"5":0,"6":0,"7":0,"8":0,"9":0,"10":0,"11":0,"12":0,"13":0,"14":0,"15":0,"16":0,"17":0},"b":{"0":[0],"1":[0,0],"2":[0,0],"3":[0,0],"4":[0,0],"5":[0,0],"6":[0,0],"7":[0,0],"8":[0,0],"9":[0],"10":[0,0],"11":[0,0],"12":[0,0],"13":[0,0],"14":[0,0],"15":[0,0],"16":[0],"17":[0],"18":[0,0],"19":[0,0],"20":[0,0],"21":[0,0],"22":[0,0]},"_coverageSchema":"1a1c01bbd47fc00a2c39e90264f33305004495a9","hash":"959358315be72c3e1a229759dfee6616d3826250"}
,"C:\\Users\\Usuario\\OneDrive\\Escritorio\\Desktop\\advise-time-manager\\backend\\services\\resumenJornadaService.js": {"path":"C:\\Users\\Usuario\\OneDrive\\Escritorio\\Desktop\\advise-time-manager\\backend\\services\\resumenJornadaService.js","statementMap":{"0":{"start":{"line":1,"column":27},"end":{"line":1,"column":72}},"1":{"start":{"line":2,"column":30},"end":{"line":2,"column":78}},"2":{"start":{"line":3,"column":32},"end":{"line":3,"column":79}},"3":{"start":{"line":16,"column":8},"end":{"line":16,"column":32}},"4":{"start":{"line":16,"column":20},"end":{"line":16,"column":32}},"5":{"start":{"line":18,"column":8},"end":{"line":20,"column":9}},"6":{"start":{"line":19,"column":12},"end":{"line":19,"column":64}},"7":{"start":{"line":22,"column":22},"end":{"line":22,"column":42}},"8":{"start":{"line":23,"column":8},"end":{"line":23,"column":32}},"9":{"start":{"line":23,"column":20},"end":{"line":23,"column":32}},"10":{"start":{"line":26,"column":8},"end":{"line":29,"column":9}},"11":{"start":{"line":27,"column":36},"end":{"line":27,"column":51}},"12":{"start":{"line":28,"column":12},"end":{"line":28,"column":84}},"13":{"start":{"line":32,"column":27},"end":{"line":32,"column":61}},"14":{"start":{"line":33,"column":32},"end":{"line":33,"column":52}},"15":{"start":{"line":35,"column":8},"end":{"line":35,"column":80}},"16":{"start":{"line":42,"column":8},"end":{"line":44,"column":9}},"17":{"start":{"line":43,"column":12},"end":{"line":43,"column":57}},"18":{"start":{"line":46,"column":28},"end":{"line":46,"column":90}},"19":{"start":{"line":48,"column":8},"end":{"line":50,"column":9}},"20":{"start":{"line":49,"column":12},"end":{"line":49,"column":19}},"21":{"start":{"line":55,"column":28},"end":{"line":55,"column":30}},"22":{"start":{"line":56,"column":8},"end":{"line":61,"column":9}},"23":{"start":{"line":56,"column":21},"end":{"line":56,"column":43}},"24":{"start":{"line":57,"column":12},"end":{"line":60,"column":13}},"25":{"start":{"line":58,"column":16},"end":{"line":58,"column":34}},"26":{"start":{"line":59,"column":16},"end":{"line":59,"column":22}},"27":{"start":{"line":63,"column":8},"end":{"line":65,"column":9}},"28":{"start":{"line":64,"column":12},"end":{"line":64,"column":49}},"29":{"start":{"line":70,"column":22},"end":{"line":70,"column":77}},"30":{"start":{"line":72,"column":8},"end":{"line":75,"column":9}},"31":{"start":{"line":73,"column":12},"end":{"line":73,"column":66}},"32":{"start":{"line":74,"column":12},"end":{"line":74,"column":78}},"33":{"start":{"line":77,"column":8},"end":{"line":79,"column":9}},"34":{"start":{"line":78,"column":12},"end":{"line":78,"column":85}},"35":{"start":{"line":84,"column":44},"end":{"line":84,"column":82}},"36":{"start":{"line":85,"column":24},"end":{"line":85,"column":57}},"37":{"start":{"line":86,"column":49},"end":{"line":86,"column":88}},"38":{"start":{"line":89,"column":8},"end":{"line":96,"column":9}},"39":{"start":{"line":90,"column":12},"end":{"line":95,"column":14}},"40":{"start":{"line":101,"column":35},"end":{"line":113,"column":9}},"41":{"start":{"line":115,"column":8},"end":{"line":115,"column":89}},"42":{"start":{"line":122,"column":26},"end":{"line":122,"column":30}},"43":{"start":{"line":123,"column":25},"end":{"line":123,"column":29}},"44":{"start":{"line":125,"column":8},"end":{"line":132,"column":9}},"45":{"start":{"line":126,"column":12},"end":{"line":128,"column":13}},"46":{"start":{"line":127,"column":16},"end":{"line":127,"column":52}},"47":{"start":{"line":129,"column":12},"end":{"line":131,"column":13}},"48":{"start":{"line":130,"column":16},"end":{"line":130,"column":51}},"49":{"start":{"line":134,"column":8},"end":{"line":134,"column":43}},"50":{"start":{"line":141,"column":8},"end":{"line":143,"column":9}},"51":{"start":{"line":142,"column":12},"end":{"line":142,"column":58}},"52":{"start":{"line":145,"column":24},"end":{"line":145,"column":64}},"53":{"start":{"line":146,"column":8},"end":{"line":149,"column":9}},"54":{"start":{"line":147,"column":12},"end":{"line":147,"column":91}},"55":{"start":{"line":148,"column":12},"end":{"line":148,"column":58}},"56":{"start":{"line":151,"column":26},"end":{"line":154,"column":26}},"57":{"start":{"line":156,"column":27},"end":{"line":164,"column":9}},"58":{"start":{"line":166,"column":26},"end":{"line":166,"column":47}},"59":{"start":{"line":167,"column":24},"end":{"line":167,"column":77}},"60":{"start":{"line":169,"column":8},"end":{"line":171,"column":9}},"61":{"start":{"line":170,"column":12},"end":{"line":170,"column":58}},"62":{"start":{"line":173,"column":37},"end":{"line":178,"column":26}},"63":{"start":{"line":180,"column":28},"end":{"line":180,"column":93}},"64":{"start":{"line":181,"column":27},"end":{"line":181,"column":68}},"65":{"start":{"line":182,"column":24},"end":{"line":182,"column":67}},"66":{"start":{"line":184,"column":8},"end":{"line":187,"column":10}},"67":{"start":{"line":194,"column":8},"end":{"line":194,"column":68}},"68":{"start":{"line":194,"column":61},"end":{"line":194,"column":68}},"69":{"start":{"line":196,"column":8},"end":{"line":230,"column":9}},"70":{"start":{"line":204,"column":16},"end":{"line":204,"column":53}},"71":{"start":{"line":205,"column":16},"end":{"line":205,"column":22}},"72":{"start":{"line":207,"column":16},"end":{"line":207,"column":53}},"73":{"start":{"line":208,"column":16},"end":{"line":208,"column":49}},"74":{"start":{"line":209,"column":16},"end":{"line":209,"column":22}},"75":{"start":{"line":211,"column":16},"end":{"line":211,"column":52}},"76":{"start":{"line":212,"column":16},"end":{"line":212,"column":22}},"77":{"start":{"line":214,"column":16},"end":{"line":214,"column":53}},"78":{"start":{"line":215,"column":16},"end":{"line":215,"column":48}},"79":{"start":{"line":216,"column":16},"end":{"line":216,"column":22}},"80":{"start":{"line":218,"column":16},"end":{"line":218,"column":53}},"81":{"start":{"line":219,"column":16},"end":{"line":219,"column":56}},"82":{"start":{"line":220,"column":16},"end":{"line":220,"column":22}},"83":{"start":{"line":222,"column":16},"end":{"line":222,"column":53}},"84":{"start":{"line":223,"column":16},"end":{"line":223,"column":51}},"85":{"start":{"line":224,"column":16},"end":{"line":224,"column":22}},"86":{"start":{"line":226,"column":16},"end":{"line":226,"column":22}},"87":{"start":{"line":228,"column":16},"end":{"line":228,"column":65}},"88":{"start":{"line":229,"column":16},"end":{"line":229,"column":22}},"89":{"start":{"line":237,"column":30},"end":{"line":237,"column":31}},"90":{"start":{"line":238,"column":26},"end":{"line":238,"column":27}},"91":{"start":{"line":239,"column":29},"end":{"line":239,"column":30}},"92":{"start":{"line":240,"column":25},"end":{"line":240,"column":26}},"93":{"start":{"line":241,"column":33},"end":{"line":241,"column":34}},"94":{"start":{"line":242,"column":28},"end":{"line":242,"column":29}},"95":{"start":{"line":244,"column":25},"end":{"line":251,"column":9}},"96":{"start":{"line":245,"column":36},"end":{"line":245,"column":57}},"97":{"start":{"line":246,"column":32},"end":{"line":246,"column":49}},"98":{"start":{"line":247,"column":35},"end":{"line":247,"column":55}},"99":{"start":{"line":248,"column":31},"end":{"line":248,"column":47}},"100":{"start":{"line":249,"column":39},"end":{"line":249,"column":63}},"101":{"start":{"line":250,"column":34},"end":{"line":250,"column":53}},"102":{"start":{"line":253,"column":8},"end":{"line":263,"column":9}},"103":{"start":{"line":254,"column":12},"end":{"line":262,"column":14}},"104":{"start":{"line":265,"column":27},"end":{"line":265,"column":31}},"105":{"start":{"line":266,"column":27},"end":{"line":266,"column":31}},"106":{"start":{"line":267,"column":29},"end":{"line":267,"column":34}},"107":{"start":{"line":269,"column":8},"end":{"line":293,"column":9}},"108":{"start":{"line":270,"column":12},"end":{"line":270,"column":84}},"109":{"start":{"line":270,"column":75},"end":{"line":270,"column":84}},"110":{"start":{"line":271,"column":12},"end":{"line":271,"column":41}},"111":{"start":{"line":271,"column":32},"end":{"line":271,"column":41}},"112":{"start":{"line":273,"column":32},"end":{"line":273,"column":82}},"113":{"start":{"line":274,"column":12},"end":{"line":274,"column":39}},"114":{"start":{"line":274,"column":30},"end":{"line":274,"column":39}},"115":{"start":{"line":276,"column":12},"end":{"line":281,"column":13}},"116":{"start":{"line":277,"column":16},"end":{"line":277,"column":43}},"117":{"start":{"line":278,"column":16},"end":{"line":278,"column":47}},"118":{"start":{"line":279,"column":16},"end":{"line":279,"column":72}},"119":{"start":{"line":279,"column":50},"end":{"line":279,"column":72}},"120":{"start":{"line":280,"column":16},"end":{"line":280,"column":25}},"121":{"start":{"line":283,"column":31},"end":{"line":283,"column":77}},"122":{"start":{"line":284,"column":12},"end":{"line":284,"column":68}},"123":{"start":{"line":286,"column":12},"end":{"line":286,"column":43}},"124":{"start":{"line":287,"column":12},"end":{"line":287,"column":39}},"125":{"start":{"line":289,"column":12},"end":{"line":292,"column":13}},"126":{"start":{"line":290,"column":16},"end":{"line":290,"column":38}},"127":{"start":{"line":291,"column":16},"end":{"line":291,"column":22}},"128":{"start":{"line":296,"column":8},"end":{"line":300,"column":9}},"129":{"start":{"line":297,"column":26},"end":{"line":297,"column":36}},"130":{"start":{"line":298,"column":37},"end":{"line":298,"column":77}},"131":{"start":{"line":299,"column":12},"end":{"line":299,"column":74}},"132":{"start":{"line":302,"column":33},"end":{"line":305,"column":9}},"133":{"start":{"line":307,"column":8},"end":{"line":315,"column":10}},"134":{"start":{"line":319,"column":8},"end":{"line":321,"column":9}},"135":{"start":{"line":320,"column":12},"end":{"line":320,"column":65}},"136":{"start":{"line":322,"column":8},"end":{"line":322,"column":75}},"137":{"start":{"line":326,"column":0},"end":{"line":326,"column":45}}},"fnMap":{"0":{"name":"(anonymous_0)","decl":{"start":{"line":15,"column":4},"end":{"line":15,"column":5}},"loc":{"start":{"line":15,"column":34},"end":{"line":36,"column":5}},"line":15},"1":{"name":"(anonymous_1)","decl":{"start":{"line":41,"column":4},"end":{"line":41,"column":5}},"loc":{"start":{"line":41,"column":31},"end":{"line":116,"column":5}},"line":41},"2":{"name":"(anonymous_2)","decl":{"start":{"line":121,"column":4},"end":{"line":121,"column":5}},"loc":{"start":{"line":121,"column":38},"end":{"line":135,"column":5}},"line":121},"3":{"name":"(anonymous_3)","decl":{"start":{"line":140,"column":4},"end":{"line":140,"column":5}},"loc":{"start":{"line":140,"column":39},"end":{"line":188,"column":5}},"line":140},"4":{"name":"(anonymous_4)","decl":{"start":{"line":193,"column":4},"end":{"line":193,"column":5}},"loc":{"start":{"line":193,"column":49},"end":{"line":231,"column":5}},"line":193},"5":{"name":"(anonymous_5)","decl":{"start":{"line":236,"column":4},"end":{"line":236,"column":5}},"loc":{"start":{"line":236,"column":33},"end":{"line":316,"column":5}},"line":236},"6":{"name":"(anonymous_6)","decl":{"start":{"line":245,"column":29},"end":{"line":245,"column":30}},"loc":{"start":{"line":245,"column":34},"end":{"line":245,"column":59}},"line":245},"7":{"name":"(anonymous_7)","decl":{"start":{"line":246,"column":25},"end":{"line":246,"column":26}},"loc":{"start":{"line":246,"column":30},"end":{"line":246,"column":51}},"line":246},"8":{"name":"(anonymous_8)","decl":{"start":{"line":247,"column":28},"end":{"line":247,"column":29}},"loc":{"start":{"line":247,"column":33},"end":{"line":247,"column":57}},"line":247},"9":{"name":"(anonymous_9)","decl":{"start":{"line":248,"column":24},"end":{"line":248,"column":25}},"loc":{"start":{"line":248,"column":29},"end":{"line":248,"column":49}},"line":248},"10":{"name":"(anonymous_10)","decl":{"start":{"line":249,"column":32},"end":{"line":249,"column":33}},"loc":{"start":{"line":249,"column":37},"end":{"line":249,"column":65}},"line":249},"11":{"name":"(anonymous_11)","decl":{"start":{"line":250,"column":27},"end":{"line":250,"column":28}},"loc":{"start":{"line":250,"column":32},"end":{"line":250,"column":55}},"line":250},"12":{"name":"(anonymous_12)","decl":{"start":{"line":318,"column":4},"end":{"line":318,"column":5}},"loc":{"start":{"line":318,"column":43},"end":{"line":323,"column":5}},"line":318}},"branchMap":{"0":{"loc":{"start":{"line":16,"column":8},"end":{"line":16,"column":32}},"type":"if","locations":[{"start":{"line":16,"column":8},"end":{"line":16,"column":32}},{"start":{},"end":{}}],"line":16},"1":{"loc":{"start":{"line":18,"column":8},"end":{"line":20,"column":9}},"type":"if","locations":[{"start":{"line":18,"column":8},"end":{"line":20,"column":9}},{"start":{},"end":{}}],"line":18},"2":{"loc":{"start":{"line":19,"column":19},"end":{"line":19,"column":63}},"type":"cond-expr","locations":[{"start":{"line":19,"column":51},"end":{"line":19,"column":55}},{"start":{"line":19,"column":58},"end":{"line":19,"column":63}}],"line":19},"3":{"loc":{"start":{"line":23,"column":8},"end":{"line":23,"column":32}},"type":"if","locations":[{"start":{"line":23,"column":8},"end":{"line":23,"column":32}},{"start":{},"end":{}}],"line":23},"4":{"loc":{"start":{"line":26,"column":8},"end":{"line":29,"column":9}},"type":"if","locations":[{"start":{"line":26,"column":8},"end":{"line":29,"column":9}},{"start":{},"end":{}}],"line":26},"5":{"loc":{"start":{"line":26,"column":12},"end":{"line":26,"column":65}},"type":"binary-expr","locations":[{"start":{"line":26,"column":12},"end":{"line":26,"column":31}},{"start":{"line":26,"column":35},"end":{"line":26,"column":65}}],"line":26},"6":{"loc":{"start":{"line":28,"column":19},"end":{"line":28,"column":83}},"type":"cond-expr","locations":[{"start":{"line":28,"column":61},"end":{"line":28,"column":65}},{"start":{"line":28,"column":68},"end":{"line":28,"column":83}}],"line":28},"7":{"loc":{"start":{"line":35,"column":15},"end":{"line":35,"column":79}},"type":"cond-expr","locations":[{"start":{"line":35,"column":57},"end":{"line":35,"column":61}},{"start":{"line":35,"column":64},"end":{"line":35,"column":79}}],"line":35},"8":{"loc":{"start":{"line":42,"column":8},"end":{"line":44,"column":9}},"type":"if","locations":[{"start":{"line":42,"column":8},"end":{"line":44,"column":9}},{"start":{},"end":{}}],"line":42},"9":{"loc":{"start":{"line":48,"column":8},"end":{"line":50,"column":9}},"type":"if","locations":[{"start":{"line":48,"column":8},"end":{"line":50,"column":9}},{"start":{},"end":{}}],"line":48},"10":{"loc":{"start":{"line":48,"column":12},"end":{"line":48,"column":67}},"type":"binary-expr","locations":[{"start":{"line":48,"column":12},"end":{"line":48,"column":39}},{"start":{"line":48,"column":43},"end":{"line":48,"column":67}}],"line":48},"11":{"loc":{"start":{"line":57,"column":12},"end":{"line":60,"column":13}},"type":"if","locations":[{"start":{"line":57,"column":12},"end":{"line":60,"column":13}},{"start":{},"end":{}}],"line":57},"12":{"loc":{"start":{"line":63,"column":8},"end":{"line":65,"column":9}},"type":"if","locations":[{"start":{"line":63,"column":8},"end":{"line":65,"column":9}},{"start":{},"end":{}}],"line":63},"13":{"loc":{"start":{"line":72,"column":8},"end":{"line":75,"column":9}},"type":"if","locations":[{"start":{"line":72,"column":8},"end":{"line":75,"column":9}},{"start":{},"end":{}}],"line":72},"14":{"loc":{"start":{"line":77,"column":8},"end":{"line":79,"column":9}},"type":"if","locations":[{"start":{"line":77,"column":8},"end":{"line":79,"column":9}},{"start":{},"end":{}}],"line":77},"15":{"loc":{"start":{"line":89,"column":8},"end":{"line":96,"column":9}},"type":"if","locations":[{"start":{"line":89,"column":8},"end":{"line":96,"column":9}},{"start":{},"end":{}}],"line":89},"16":{"loc":{"start":{"line":126,"column":12},"end":{"line":128,"column":13}},"type":"if","locations":[{"start":{"line":126,"column":12},"end":{"line":128,"column":13}},{"start":{},"end":{}}],"line":126},"17":{"loc":{"start":{"line":126,"column":16},"end":{"line":126,"column":61}},"type":"binary-expr","locations":[{"start":{"line":126,"column":16},"end":{"line":126,"column":45}},{"start":{"line":126,"column":49},"end":{"line":126,"column":61}}],"line":126},"18":{"loc":{"start":{"line":129,"column":12},"end":{"line":131,"column":13}},"type":"if","locations":[{"start":{"line":129,"column":12},"end":{"line":131,"column":13}},{"start":{},"end":{}}],"line":129},"19":{"loc":{"start":{"line":141,"column":8},"end":{"line":143,"column":9}},"type":"if","locations":[{"start":{"line":141,"column":8},"end":{"line":143,"column":9}},{"start":{},"end":{}}],"line":141},"20":{"loc":{"start":{"line":146,"column":8},"end":{"line":149,"column":9}},"type":"if","locations":[{"start":{"line":146,"column":8},"end":{"line":149,"column":9}},{"start":{},"end":{}}],"line":146},"21":{"loc":{"start":{"line":169,"column":8},"end":{"line":171,"column":9}},"type":"if","locations":[{"start":{"line":169,"column":8},"end":{"line":171,"column":9}},{"start":{},"end":{}}],"line":169},"22":{"loc":{"start":{"line":185,"column":25},"end":{"line":185,"column":44}},"type":"cond-expr","locations":[{"start":{"line":185,"column":39},"end":{"line":185,"column":40}},{"start":{"line":185,"column":43},"end":{"line":185,"column":44}}],"line":185},"23":{"loc":{"start":{"line":194,"column":8},"end":{"line":194,"column":68}},"type":"if","locations":[{"start":{"line":194,"column":8},"end":{"line":194,"column":68}},{"start":{},"end":{}}],"line":194},"24":{"loc":{"start":{"line":194,"column":12},"end":{"line":194,"column":59}},"type":"binary-expr","locations":[{"start":{"line":194,"column":12},"end":{"line":194,"column":40}},{"start":{"line":194,"column":44},"end":{"line":194,"column":59}}],"line":194},"25":{"loc":{"start":{"line":196,"column":8},"end":{"line":230,"column":9}},"type":"switch","locations":[{"start":{"line":197,"column":12},"end":{"line":197,"column":27}},{"start":{"line":198,"column":12},"end":{"line":198,"column":30}},{"start":{"line":199,"column":12},"end":{"line":199,"column":29}},{"start":{"line":200,"column":12},"end":{"line":200,"column":32}},{"start":{"line":201,"column":12},"end":{"line":201,"column":28}},{"start":{"line":202,"column":12},"end":{"line":202,"column":36}},{"start":{"line":203,"column":12},"end":{"line":205,"column":22}},{"start":{"line":206,"column":12},"end":{"line":209,"column":22}},{"start":{"line":210,"column":12},"end":{"line":212,"column":22}},{"start":{"line":213,"column":12},"end":{"line":216,"column":22}},{"start":{"line":217,"column":12},"end":{"line":220,"column":22}},{"start":{"line":221,"column":12},"end":{"line":224,"column":22}},{"start":{"line":225,"column":12},"end":{"line":226,"column":22}},{"start":{"line":227,"column":12},"end":{"line":229,"column":22}}],"line":196},"26":{"loc":{"start":{"line":253,"column":8},"end":{"line":263,"column":9}},"type":"if","locations":[{"start":{"line":253,"column":8},"end":{"line":263,"column":9}},{"start":{},"end":{}}],"line":253},"27":{"loc":{"start":{"line":253,"column":12},"end":{"line":253,"column":67}},"type":"binary-expr","locations":[{"start":{"line":253,"column":12},"end":{"line":253,"column":39}},{"start":{"line":253,"column":43},"end":{"line":253,"column":67}}],"line":253},"28":{"loc":{"start":{"line":270,"column":12},"end":{"line":270,"column":84}},"type":"if","locations":[{"start":{"line":270,"column":12},"end":{"line":270,"column":84}},{"start":{},"end":{}}],"line":270},"29":{"loc":{"start":{"line":270,"column":16},"end":{"line":270,"column":73}},"type":"binary-expr","locations":[{"start":{"line":270,"column":16},"end":{"line":270,"column":27}},{"start":{"line":270,"column":31},"end":{"line":270,"column":47}},{"start":{"line":270,"column":51},"end":{"line":270,"column":73}}],"line":270},"30":{"loc":{"start":{"line":271,"column":12},"end":{"line":271,"column":41}},"type":"if","locations":[{"start":{"line":271,"column":12},"end":{"line":271,"column":41}},{"start":{},"end":{}}],"line":271},"31":{"loc":{"start":{"line":274,"column":12},"end":{"line":274,"column":39}},"type":"if","locations":[{"start":{"line":274,"column":12},"end":{"line":274,"column":39}},{"start":{},"end":{}}],"line":274},"32":{"loc":{"start":{"line":276,"column":12},"end":{"line":281,"column":13}},"type":"if","locations":[{"start":{"line":276,"column":12},"end":{"line":281,"column":13}},{"start":{},"end":{}}],"line":276},"33":{"loc":{"start":{"line":279,"column":16},"end":{"line":279,"column":72}},"type":"if","locations":[{"start":{"line":279,"column":16},"end":{"line":279,"column":72}},{"start":{},"end":{}}],"line":279},"34":{"loc":{"start":{"line":289,"column":12},"end":{"line":292,"column":13}},"type":"if","locations":[{"start":{"line":289,"column":12},"end":{"line":292,"column":13}},{"start":{},"end":{}}],"line":289},"35":{"loc":{"start":{"line":296,"column":8},"end":{"line":300,"column":9}},"type":"if","locations":[{"start":{"line":296,"column":8},"end":{"line":300,"column":9}},{"start":{},"end":{}}],"line":296},"36":{"loc":{"start":{"line":296,"column":12},"end":{"line":296,"column":59}},"type":"binary-expr","locations":[{"start":{"line":296,"column":12},"end":{"line":296,"column":24}},{"start":{"line":296,"column":28},"end":{"line":296,"column":40}},{"start":{"line":296,"column":44},"end":{"line":296,"column":59}}],"line":296},"37":{"loc":{"start":{"line":319,"column":8},"end":{"line":321,"column":9}},"type":"if","locations":[{"start":{"line":319,"column":8},"end":{"line":321,"column":9}},{"start":{},"end":{}}],"line":319}},"s":{"0":1,"1":1,"2":1,"3":19,"4":0,"5":19,"6":0,"7":19,"8":19,"9":0,"10":19,"11":0,"12":0,"13":19,"14":19,"15":19,"16":2,"17":0,"18":2,"19":2,"20":0,"21":2,"22":2,"23":2,"24":4,"25":2,"26":2,"27":2,"28":1,"29":2,"30":2,"31":0,"32":0,"33":2,"34":0,"35":2,"36":2,"37":2,"38":2,"39":1,"40":2,"41":2,"42":2,"43":2,"44":2,"45":4,"46":2,"47":4,"48":2,"49":2,"50":4,"51":0,"52":4,"53":4,"54":0,"55":0,"56":4,"57":4,"58":4,"59":4,"60":4,"61":0,"62":4,"63":4,"64":4,"65":4,"66":4,"67":11,"68":0,"69":11,"70":8,"71":8,"72":1,"73":1,"74":1,"75":1,"76":1,"77":1,"78":1,"79":1,"80":0,"81":0,"82":0,"83":0,"84":0,"85":0,"86":0,"87":0,"88":0,"89":5,"90":5,"91":5,"92":5,"93":5,"94":5,"95":5,"96":10,"97":1,"98":1,"99":1,"100":0,"101":0,"102":5,"103":0,"104":5,"105":5,"106":5,"107":5,"108":15,"109":0,"110":15,"111":0,"112":15,"113":15,"114":0,"115":15,"116":5,"117":5,"118":5,"119":0,"120":5,"121":10,"122":10,"123":10,"124":10,"125":10,"126":4,"127":4,"128":5,"129":1,"130":1,"131":1,"132":5,"133":5,"134":0,"135":0,"136":0,"137":1},"f":{"0":19,"1":2,"2":2,"3":4,"4":11,"5":5,"6":10,"7":1,"8":1,"9":1,"10":0,"11":0,"12":0},"b":{"0":[0,19],"1":[0,19],"2":[0,0],"3":[0,19],"4":[0,19],"5":[19,19],"6":[0,0],"7":[0,19],"8":[0,2],"9":[0,2],"10":[2,2],"11":[2,2],"12":[1,1],"13":[0,2],"14":[0,2],"15":[1,1],"16":[2,2],"17":[4,2],"18":[2,2],"19":[0,4],"20":[0,4],"21":[0,4],"22":[2,2],"23":[0,11],"24":[11,11],"25":[5,5,6,7,8,8,8,1,1,1,0,0,0,0],"26":[0,5],"27":[5,5],"28":[0,15],"29":[15,15,15],"30":[0,15],"31":[0,15],"32":[5,10],"33":[0,5],"34":[4,6],"35":[1,4],"36":[5,5,5],"37":[0,0]},"_coverageSchema":"1a1c01bbd47fc00a2c39e90264f33305004495a9","hash":"7de0fa7109f08be2b248abbccda3d762d34cfdb8"}
}
