TN:
SF:backend\config\db.js
FN:25,(anonymous_0)
FN:38,(anonymous_1)
FN:69,(anonymous_2)
FNF:3
FNH:0
FNDA:0,(anonymous_0)
FNDA:0,(anonymous_1)
FNDA:0,(anonymous_2)
DA:7,3
DA:8,3
DA:14,3
DA:25,3
DA:26,0
DA:27,0
DA:29,0
DA:37,3
DA:38,0
DA:39,0
DA:40,0
DA:41,0
DA:43,0
DA:55,0
DA:56,0
DA:58,0
DA:59,0
DA:68,3
DA:69,0
LF:19
LH:6
BRDA:37,0,0,0
BRDA:37,0,1,3
BRF:2
BRH:1
end_of_record
TN:
SF:backend\controllers\incidenciasController.js
FN:13,generarFechaColombia
FN:33,(anonymous_1)
FN:59,(anonymous_2)
FN:103,(anonymous_3)
FN:123,(anonymous_4)
FN:164,(anonymous_5)
FNF:6
FNH:0
FNDA:0,generarFechaColombia
FNDA:0,(anonymous_1)
FNDA:0,(anonymous_2)
FNDA:0,(anonymous_3)
FNDA:0,(anonymous_4)
FNDA:0,(anonymous_5)
DA:1,1
DA:15,0
DA:33,1
DA:40,0
DA:46,0
DA:56,0
DA:61,0
DA:63,0
DA:65,0
DA:71,0
DA:73,0
DA:79,0
DA:91,0
DA:105,0
DA:107,0
DA:123,1
DA:125,0
DA:133,0
DA:135,0
DA:150,0
DA:166,0
DA:168,0
DA:170,0
DA:180,0
DA:194,1
LF:25
LH:4
BRDA:61,0,0,0
BRDA:61,0,1,0
BRDA:71,1,0,0
BRDA:71,1,1,0
BRDA:105,2,0,0
BRDA:105,2,1,0
BRDA:166,3,0,0
BRDA:166,3,1,0
BRF:8
BRH:0
end_of_record
TN:
SF:backend\repositories\horariosRepository.js
FN:15,(anonymous_0)
FN:18,(anonymous_1)
FN:38,(anonymous_2)
FNF:3
FNH:0
FNDA:0,(anonymous_0)
FNDA:0,(anonymous_1)
FNDA:0,(anonymous_2)
DA:7,1
DA:17,0
DA:18,0
DA:20,0
DA:21,0
DA:23,0
DA:24,0
DA:27,0
DA:29,0
DA:30,0
DA:39,0
DA:55,0
DA:57,0
DA:62,1
LF:14
LH:2
BRDA:15,0,0,0
BRDA:23,1,0,0
BRDA:23,1,1,0
BRDA:57,2,0,0
BRDA:57,2,1,0
BRF:5
BRH:0
end_of_record
TN:
SF:backend\repositories\movimientosRepository.js
FN:9,(anonymous_0)
FN:12,(anonymous_1)
FN:33,(anonymous_2)
FN:55,(anonymous_3)
FN:75,(anonymous_4)
FN:97,(anonymous_5)
FN:114,(anonymous_6)
FN:143,(anonymous_7)
FN:178,(anonymous_8)
FN:183,(anonymous_9)
FN:240,(anonymous_10)
FN:278,(anonymous_11)
FN:291,(anonymous_12)
FN:310,(anonymous_13)
FN:318,(anonymous_14)
FN:340,(anonymous_15)
FN:374,(anonymous_16)
FN:401,(anonymous_17)
FNF:18
FNH:0
FNDA:0,(anonymous_0)
FNDA:0,(anonymous_1)
FNDA:0,(anonymous_2)
FNDA:0,(anonymous_3)
FNDA:0,(anonymous_4)
FNDA:0,(anonymous_5)
FNDA:0,(anonymous_6)
FNDA:0,(anonymous_7)
FNDA:0,(anonymous_8)
FNDA:0,(anonymous_9)
FNDA:0,(anonymous_10)
FNDA:0,(anonymous_11)
FNDA:0,(anonymous_12)
FNDA:0,(anonymous_13)
FNDA:0,(anonymous_14)
FNDA:0,(anonymous_15)
FNDA:0,(anonymous_16)
FNDA:0,(anonymous_17)
DA:1,1
DA:11,0
DA:12,0
DA:14,0
DA:15,0
DA:18,0
DA:19,0
DA:22,0
DA:24,0
DA:25,0
DA:34,0
DA:46,0
DA:48,0
DA:56,0
DA:66,0
DA:68,0
DA:76,0
DA:88,0
DA:90,0
DA:98,0
DA:99,0
DA:100,0
DA:101,0
DA:103,0
DA:114,0
DA:115,0
DA:127,0
DA:128,0
DA:130,0
DA:144,0
DA:167,0
DA:179,0
DA:180,0
DA:181,0
DA:183,0
DA:184,0
DA:196,0
DA:197,0
DA:199,0
DA:200,0
DA:210,0
DA:219,0
DA:228,0
DA:241,0
DA:258,0
DA:279,0
DA:284,0
DA:292,0
DA:303,0
DA:311,0
DA:319,0
DA:331,0
DA:333,0
DA:341,0
DA:352,0
DA:362,0
DA:375,0
DA:377,0
DA:394,0
DA:402,0
DA:404,0
DA:429,0
DA:436,0
DA:446,0
DA:462,0
DA:463,0
DA:465,0
DA:466,0
DA:467,0
DA:469,0
DA:478,1
LF:71
LH:2
BRDA:9,0,0,0
BRDA:18,1,0,0
BRDA:18,1,1,0
BRDA:48,2,0,0
BRDA:48,2,1,0
BRDA:68,3,0,0
BRDA:68,3,1,0
BRDA:90,4,0,0
BRDA:90,4,1,0
BRDA:98,5,0,0
BRDA:98,5,1,0
BRDA:99,6,0,0
BRDA:99,6,1,0
BRDA:100,7,0,0
BRDA:100,7,1,0
BRDA:101,8,0,0
BRDA:101,8,1,0
BRDA:178,9,0,0
BRDA:179,10,0,0
BRDA:179,10,1,0
BRDA:180,11,0,0
BRDA:180,11,1,0
BRDA:181,12,0,0
BRDA:181,12,1,0
BRDA:197,13,0,0
BRDA:197,13,1,0
BRDA:199,14,0,0
BRDA:199,14,1,0
BRDA:333,15,0,0
BRDA:333,15,1,0
BRDA:340,16,0,0
BRDA:340,17,0,0
BRDA:375,18,0,0
BRDA:375,18,1,0
BRDA:402,19,0,0
BRDA:402,19,1,0
BRDA:463,20,0,0
BRDA:463,20,1,0
BRDA:471,21,0,0
BRDA:471,21,1,0
BRDA:472,22,0,0
BRDA:472,22,1,0
BRF:42
BRH:0
end_of_record
TN:
SF:backend\services\resumenJornadaService.js
FN:15,(anonymous_0)
FN:41,(anonymous_1)
FN:121,(anonymous_2)
FN:140,(anonymous_3)
FN:193,(anonymous_4)
FN:236,(anonymous_5)
FN:245,(anonymous_6)
FN:246,(anonymous_7)
FN:247,(anonymous_8)
FN:248,(anonymous_9)
FN:249,(anonymous_10)
FN:250,(anonymous_11)
FN:318,(anonymous_12)
FNF:13
FNH:10
FNDA:19,(anonymous_0)
FNDA:2,(anonymous_1)
FNDA:2,(anonymous_2)
FNDA:4,(anonymous_3)
FNDA:11,(anonymous_4)
FNDA:5,(anonymous_5)
FNDA:10,(anonymous_6)
FNDA:1,(anonymous_7)
FNDA:1,(anonymous_8)
FNDA:1,(anonymous_9)
FNDA:0,(anonymous_10)
FNDA:0,(anonymous_11)
FNDA:0,(anonymous_12)
DA:1,1
DA:2,1
DA:3,1
DA:16,19
DA:18,19
DA:19,0
DA:22,19
DA:23,19
DA:26,19
DA:27,0
DA:28,0
DA:32,19
DA:33,19
DA:35,19
DA:42,2
DA:43,0
DA:46,2
DA:48,2
DA:49,0
DA:55,2
DA:56,2
DA:57,4
DA:58,2
DA:59,2
DA:63,2
DA:64,1
DA:70,2
DA:72,2
DA:73,0
DA:74,0
DA:77,2
DA:78,0
DA:84,2
DA:85,2
DA:86,2
DA:89,2
DA:90,1
DA:101,2
DA:115,2
DA:122,2
DA:123,2
DA:125,2
DA:126,4
DA:127,2
DA:129,4
DA:130,2
DA:134,2
DA:141,4
DA:142,0
DA:145,4
DA:146,4
DA:147,0
DA:148,0
DA:151,4
DA:156,4
DA:166,4
DA:167,4
DA:169,4
DA:170,0
DA:173,4
DA:180,4
DA:181,4
DA:182,4
DA:184,4
DA:194,11
DA:196,11
DA:204,8
DA:205,8
DA:207,1
DA:208,1
DA:209,1
DA:211,1
DA:212,1
DA:214,1
DA:215,1
DA:216,1
DA:218,0
DA:219,0
DA:220,0
DA:222,0
DA:223,0
DA:224,0
DA:226,0
DA:228,0
DA:229,0
DA:237,5
DA:238,5
DA:239,5
DA:240,5
DA:241,5
DA:242,5
DA:244,5
DA:245,10
DA:246,1
DA:247,1
DA:248,1
DA:249,0
DA:250,0
DA:253,5
DA:254,0
DA:265,5
DA:266,5
DA:267,5
DA:269,5
DA:270,15
DA:271,15
DA:273,15
DA:274,15
DA:276,15
DA:277,5
DA:278,5
DA:279,5
DA:280,5
DA:283,10
DA:284,10
DA:286,10
DA:287,10
DA:289,10
DA:290,4
DA:291,4
DA:296,5
DA:297,1
DA:298,1
DA:299,1
DA:302,5
DA:307,5
DA:319,0
DA:320,0
DA:322,0
DA:326,1
LF:130
LH:103
BRDA:16,0,0,0
BRDA:16,0,1,19
BRDA:18,1,0,0
BRDA:18,1,1,19
BRDA:19,2,0,0
BRDA:19,2,1,0
BRDA:23,3,0,0
BRDA:23,3,1,19
BRDA:26,4,0,0
BRDA:26,4,1,19
BRDA:26,5,0,19
BRDA:26,5,1,19
BRDA:28,6,0,0
BRDA:28,6,1,0
BRDA:35,7,0,0
BRDA:35,7,1,19
BRDA:42,8,0,0
BRDA:42,8,1,2
BRDA:48,9,0,0
BRDA:48,9,1,2
BRDA:48,10,0,2
BRDA:48,10,1,2
BRDA:57,11,0,2
BRDA:57,11,1,2
BRDA:63,12,0,1
BRDA:63,12,1,1
BRDA:72,13,0,0
BRDA:72,13,1,2
BRDA:77,14,0,0
BRDA:77,14,1,2
BRDA:89,15,0,1
BRDA:89,15,1,1
BRDA:126,16,0,2
BRDA:126,16,1,2
BRDA:126,17,0,4
BRDA:126,17,1,2
BRDA:129,18,0,2
BRDA:129,18,1,2
BRDA:141,19,0,0
BRDA:141,19,1,4
BRDA:146,20,0,0
BRDA:146,20,1,4
BRDA:169,21,0,0
BRDA:169,21,1,4
BRDA:185,22,0,2
BRDA:185,22,1,2
BRDA:194,23,0,0
BRDA:194,23,1,11
BRDA:194,24,0,11
BRDA:194,24,1,11
BRDA:196,25,0,5
BRDA:196,25,1,5
BRDA:196,25,2,6
BRDA:196,25,3,7
BRDA:196,25,4,8
BRDA:196,25,5,8
BRDA:196,25,6,8
BRDA:196,25,7,1
BRDA:196,25,8,1
BRDA:196,25,9,1
BRDA:196,25,10,0
BRDA:196,25,11,0
BRDA:196,25,12,0
BRDA:196,25,13,0
BRDA:253,26,0,0
BRDA:253,26,1,5
BRDA:253,27,0,5
BRDA:253,27,1,5
BRDA:270,28,0,0
BRDA:270,28,1,15
BRDA:270,29,0,15
BRDA:270,29,1,15
BRDA:270,29,2,15
BRDA:271,30,0,0
BRDA:271,30,1,15
BRDA:274,31,0,0
BRDA:274,31,1,15
BRDA:276,32,0,5
BRDA:276,32,1,10
BRDA:279,33,0,0
BRDA:279,33,1,5
BRDA:289,34,0,4
BRDA:289,34,1,6
BRDA:296,35,0,1
BRDA:296,35,1,4
BRDA:296,36,0,5
BRDA:296,36,1,5
BRDA:296,36,2,5
BRDA:319,37,0,0
BRDA:319,37,1,0
BRF:90
BRH:62
end_of_record
